生成启动时间为 2015/3/12 17:13:49。
     1>项目“E:\Email\Email\DataBase\DataBase.vcxproj”在节点 2 上(Rebuild 个目标)。
     1>ClCompile:
         C:\Program Files (x86)\Microsoft Visual Studio 12.0\VC\bin\x86_amd64\CL.exe /c /I..\boost /I..\include /Zi /nologo /W3 /WX- /sdl /O2 /Oi /GL /D WIN64 /D NDEBUG /D _WINDOWS /D _USRDLL /D DATABASE_EXPORTS /D _WINDLL /D _UNICODE /D UNICODE /Gm- /EHsc /MD /GS /Gy /fp:precise /Zc:wchar_t /Zc:forScope /Yc"stdafx.h" /Fp"x64\Release\DataBase.pch" /Fo"x64\Release\\" /Fd"x64\Release\vc120.pdb" /Gd /TP /wd4244 /wd4267 /wd4251 /wd4351 /errorReport:prompt stdafx.cpp
         stdafx.cpp
         C:\Program Files (x86)\Microsoft Visual Studio 12.0\VC\bin\x86_amd64\CL.exe /c /I..\boost /I..\include /Zi /nologo /W3 /WX- /sdl /O2 /Oi /GL /D WIN64 /D NDEBUG /D _WINDOWS /D _USRDLL /D DATABASE_EXPORTS /D _WINDLL /D _UNICODE /D UNICODE /Gm- /EHsc /MD /GS /Gy /fp:precise /Zc:wchar_t /Zc:forScope /Yu"stdafx.h" /Fp"x64\Release\DataBase.pch" /Fo"x64\Release\\" /Fd"x64\Release\vc120.pdb" /Gd /TP /wd4244 /wd4267 /wd4251 /wd4351 /errorReport:prompt DataBase.cpp
         DataBase.cpp
         C:\Program Files (x86)\Microsoft Visual Studio 12.0\VC\bin\x86_amd64\CL.exe /c /I..\boost /I..\include /Zi /nologo /W3 /WX- /sdl /O2 /Oi /GL /D WIN64 /D NDEBUG /D _WINDOWS /D _USRDLL /D DATABASE_EXPORTS /D _WINDLL /D _UNICODE /D UNICODE /Gm- /EHsc /MD /GS /Gy /fp:precise /Zc:wchar_t /Zc:forScope /Fo"x64\Release\\" /Fd"x64\Release\vc120.pdb" /Gd /TP /wd4244 /wd4267 /wd4251 /wd4351 /errorReport:prompt dllmain.cpp
         dllmain.cpp
       Link:
         C:\Program Files (x86)\Microsoft Visual Studio 12.0\VC\bin\x86_amd64\link.exe /ERRORREPORT:PROMPT /OUT:"E:\Email\Email\output\DataBase.dll" /INCREMENTAL:NO /NOLOGO ws2_32.lib mongoclient.lib kernel32.lib user32.lib gdi32.lib winspool.lib comdlg32.lib advapi32.lib shell32.lib ole32.lib oleaut32.lib uuid.lib odbc32.lib odbccp32.lib /MANIFEST /MANIFESTUAC:"level='asInvoker' uiAccess='false'" /manifest:embed /DEBUG /PDB:"E:\Email\Email\output\DataBase.pdb" /SUBSYSTEM:WINDOWS /OPT:REF /OPT:ICF /LTCG /TLBID:1 /DYNAMICBASE /NXCOMPAT /IMPLIB:"E:\Email\Email\output\DataBase.lib" /MACHINE:X64 /DLL x64\Release\DataBase.obj
         x64\Release\dllmain.obj
         x64\Release\stdafx.obj
            正在创建库 E:\Email\Email\output\DataBase.lib 和对象 E:\Email\Email\output\DataBase.exp
         正在生成代码
         已完成代码的生成
         DataBase.vcxproj -> E:\Email\Email\output\DataBase.dll
     1>已完成生成项目“E:\Email\Email\DataBase\DataBase.vcxproj”(Rebuild 个目标)的操作。

生成成功。

已用时间 00:00:06.71
