e:\mail\mailtest\receiveemail\output\database.bsc
e:\mail\mailtest\receiveemail\database\x64\debug\database.pch
e:\mail\mailtest\receiveemail\database\x64\debug\vc120.pdb
e:\mail\mailtest\receiveemail\database\x64\debug\vc120.idb
e:\mail\mailtest\receiveemail\database\x64\debug\stdafx.sbr
e:\mail\mailtest\receiveemail\database\x64\debug\stdafx.obj
e:\mail\mailtest\receiveemail\database\x64\debug\database.sbr
e:\mail\mailtest\receiveemail\database\x64\debug\database.obj
e:\mail\mailtest\receiveemail\database\x64\debug\dllmain.sbr
e:\mail\mailtest\receiveemail\database\x64\debug\dllmain.obj
e:\mail\mailtest\receiveemail\output\database.lib
e:\mail\mailtest\receiveemail\output\database.exp
e:\mail\mailtest\receiveemail\output\database.ilk
e:\mail\mailtest\receiveemail\output\database.dll
e:\mail\mailtest\receiveemail\output\database.pdb
e:\mail\mailtest\receiveemail\database\x64\debug\database.tlog\bscmake.command.1.tlog
e:\mail\mailtest\receiveemail\database\x64\debug\database.tlog\bscmake.read.1.tlog
e:\mail\mailtest\receiveemail\database\x64\debug\database.tlog\bscmake.write.1.tlog
e:\mail\mailtest\receiveemail\database\x64\debug\database.tlog\cl.command.1.tlog
e:\mail\mailtest\receiveemail\database\x64\debug\database.tlog\cl.read.1.tlog
e:\mail\mailtest\receiveemail\database\x64\debug\database.tlog\cl.write.1.tlog
e:\mail\mailtest\receiveemail\database\x64\debug\database.tlog\database.write.1u.tlog
e:\mail\mailtest\receiveemail\database\x64\debug\database.tlog\link.command.1.tlog
e:\mail\mailtest\receiveemail\database\x64\debug\database.tlog\link.read.1.tlog
e:\mail\mailtest\receiveemail\database\x64\debug\database.tlog\link.write.1.tlog
