生成启动时间为 2015/3/12 17:22:00。
     1>项目“E:\Email\Email\DataBase\DataBase.vcxproj”在节点 3 上(Rebuild 个目标)。
     1>ClCompile:
         C:\Program Files (x86)\Microsoft Visual Studio 12.0\VC\bin\x86_amd64\CL.exe /c /I..\include /Zi /nologo /W3 /WX- /sdl /Od /D WIN64 /D _DEBUG /D _WINDOWS /D _USRDLL /D DATABASE_EXPORTS /D _WINDLL /D _UNICODE /D UNICODE /Gm /EHsc /RTC1 /MDd /GS /fp:precise /Zc:wchar_t /Zc:forScope /Yc"stdafx.h" /Fp"x64\Debug\DataBase.pch" /Fo"x64\Debug\\" /Fd"x64\Debug\vc120.pdb" /FR"x64\Debug\\" /Gd /TP /wd4244 /wd4267 /wd4251 /wd4351 /errorReport:prompt stdafx.cpp
         stdafx.cpp
         C:\Program Files (x86)\Microsoft Visual Studio 12.0\VC\bin\x86_amd64\CL.exe /c /I..\include /Zi /nologo /W3 /WX- /sdl /Od /D WIN64 /D _DEBUG /D _WINDOWS /D _USRDLL /D DATABASE_EXPORTS /D _WINDLL /D _UNICODE /D UNICODE /Gm /EHsc /RTC1 /MDd /GS /fp:precise /Zc:wchar_t /Zc:forScope /Yu"stdafx.h" /Fp"x64\Debug\DataBase.pch" /Fo"x64\Debug\\" /Fd"x64\Debug\vc120.pdb" /FR"x64\Debug\\" /Gd /TP /wd4244 /wd4267 /wd4251 /wd4351 /errorReport:prompt DataBase.cpp
         DataBase.cpp
         C:\Program Files (x86)\Microsoft Visual Studio 12.0\VC\bin\x86_amd64\CL.exe /c /I..\include /Zi /nologo /W3 /WX- /sdl /Od /D WIN64 /D _DEBUG /D _WINDOWS /D _USRDLL /D DATABASE_EXPORTS /D _WINDLL /D _UNICODE /D UNICODE /Gm /EHsc /RTC1 /MDd /GS /fp:precise /Zc:wchar_t /Zc:forScope /Fo"x64\Debug\\" /Fd"x64\Debug\vc120.pdb" /FR"x64\Debug\\" /Gd /TP /wd4244 /wd4267 /wd4251 /wd4351 /errorReport:prompt dllmain.cpp
         dllmain.cpp
       Link:
         C:\Program Files (x86)\Microsoft Visual Studio 12.0\VC\bin\x86_amd64\link.exe /ERRORREPORT:PROMPT /OUT:"E:\Email\Email\output\DataBase.dll" /INCREMENTAL /NOLOGO ws2_32.lib "mongoclient-gd.lib" kernel32.lib user32.lib gdi32.lib winspool.lib comdlg32.lib advapi32.lib shell32.lib ole32.lib oleaut32.lib uuid.lib odbc32.lib odbccp32.lib /MANIFEST /MANIFESTUAC:"level='asInvoker' uiAccess='false'" /manifest:embed /DEBUG /PDB:"E:\Email\Email\output\DataBase.pdb" /SUBSYSTEM:WINDOWS /TLBID:1 /DYNAMICBASE /NXCOMPAT /IMPLIB:"E:\Email\Email\output\DataBase.lib" /MACHINE:X64 /DLL x64\Debug\DataBase.obj
         x64\Debug\dllmain.obj
         x64\Debug\stdafx.obj
            正在创建库 E:\Email\Email\output\DataBase.lib 和对象 E:\Email\Email\output\DataBase.exp
         DataBase.vcxproj -> E:\Email\Email\output\DataBase.dll
       BscMake:
         C:\Program Files (x86)\Microsoft Visual Studio 12.0\VC\bin\bscmake.exe /nologo /o"E:\Email\Email\output\DataBase.bsc" /n x64\Debug\DataBase.sbr x64\Debug\dllmain.sbr x64\Debug\stdafx.sbr
     1>已完成生成项目“E:\Email\Email\DataBase\DataBase.vcxproj”(Rebuild 个目标)的操作。

生成成功。

已用时间 00:00:05.99
